<?xml version="1.0" encoding="UTF-8"?>
<!-- Generated by org.testng.reporters.JUnitReportReporter -->
<testsuite hostname="Rooja-PC" name="com.ta.scripts.WriteReviewTest" tests="1" failures="0" timestamp="1 Feb 2020 18:16:45 GMT" time="68.551" errors="0">
  <testcase name="writeReview" time="68.551" classname="com.ta.scripts.WriteReviewTest"/>
</testsuite> <!-- com.ta.scripts.WriteReviewTest -->
